2025-07-15T05:04:51+00:00 DEBUG #1794 - [New Request] POST /wordpress/wp-json/wc-admin/plugins/install
2025-07-15T05:04:51+00:00 DEBUG #1794 - GET https://api.woocommerce.com/integrations/ppc/v1/notifications/webhooks
Response: Array
(
    [code] => 404
    [message] => Not Found
)

Response Body: {"statusCode":404,"error":"Not Found","message":"Not Found"}
2025-07-15T05:04:51+00:00 ERROR #1794 - Failed to delete webhooks: [Error] Not Found
2025-07-15T05:04:51+00:00 INFO #1794 - Webhooks deleted.
2025-07-15T05:04:52+00:00 DEBUG #1794 - POST https://api.woocommerce.com/integrations/ppc/v1/notifications/webhooks
Request Body: {"url":"https:\/\/localhost\/wordpress\/wp-json\/paypal\/v1\/incoming","event_types":[{"name":"CHECKOUT.ORDER.APPROVED"},{"name":"CHECKOUT.ORDER.COMPLETED"},{"name":"CHECKOUT.PAYMENT-APPROVAL.REVERSED"},{"name":"PAYMENT.CAPTURE.REFUNDED"},{"name":"PAYMENT.AUTHORIZATION.VOIDED"},{"name":"PAYMENT.CAPTURE.REVERSED"},{"name":"PAYMENT.ORDER.CANCELLED"},{"name":"PAYMENT.CAPTURE.DENIED"},{"name":"PAYMENT.CAPTURE.COMPLETED"},{"name":"VAULT.PAYMENT-TOKEN.CREATED"},{"name":"VAULT.PAYMENT-TOKEN.DELETED"},{"name":"PAYMENT.CAPTURE.PENDING"},{"name":"PAYMENT.SALE.COMPLETED"},{"name":"PAYMENT.SALE.REFUNDED"},{"name":"BILLING.SUBSCRIPTION.CANCELLED"},{"name":"BILLING.PLAN.PRICING-CHANGE.ACTIVATED"},{"name":"CATALOG.PRODUCT.UPDATED"},{"name":"BILLING.PLAN.UPDATED"}]}
Response: Array
(
    [code] => 404
    [message] => Not Found
)

Response Body: {"statusCode":404,"error":"Not Found","message":"Not Found"}
2025-07-15T05:04:52+00:00 ERROR #1794 - Failed to subscribe webhooks: [Error] Not Found
2025-07-15T05:17:32+00:00 DEBUG #2638 - [New Request] POST /wordpress/wp-admin/plugins.php
2025-07-15T05:17:32+00:00 DEBUG #2638 - GET https://api.woocommerce.com/integrations/ppc/v1/notifications/webhooks
Response: Array
(
    [code] => 404
    [message] => Not Found
)

Response Body: {"statusCode":404,"error":"Not Found","message":"Not Found"}
2025-07-15T05:17:32+00:00 ERROR #2638 - Failed to delete webhooks: [Error] Not Found
2025-07-15T05:17:32+00:00 INFO #2638 - Webhooks deleted.
